<?xml version="1.0" encoding="UTF-8"?>
<!-- Generated by org.testng.reporters.JUnitReportReporter -->
<testsuite skipped="0" hostname="mohit-PC" name="Maven.DesignPatternTest" tests="3" failures="1" timestamp="26 Jan 2020 15:23:16 GMT" time="349.576" errors="1">
  <testcase name="orgbImmersiveAurora" time="102.199" classname="Maven.DesignPatternTest"/>
  <testcase name="closeTheDriverInstance" time="21.543" classname="Maven.DesignPatternTest">
    <error type="org.openqa.selenium.WebDriverException" message="Error communicating with the remote browser. It may have died.
Build info: version: &#039;2.40.0&#039;, revision: &#039;fbe29a9&#039;, time: &#039;2014-02-19 20:54:28&#039;
System info: host: &#039;mohit-PC&#039;, ip: &#039;192.168.0.104&#039;, os.name: &#039;Windows 10&#039;, os.arch: &#039;x86&#039;, os.version: &#039;10.0&#039;, java.version: &#039;1.8.0_241&#039;
Driver info: driver.version: EventFiringWebDriver
Command duration or timeout: 0 milliseconds">
      <![CDATA[org.openqa.selenium.WebDriverException: Error communicating with the remote browser. It may have died.
Build info: version: '2.40.0', revision: 'fbe29a9', time: '2014-02-19 20:54:28'
System info: host: 'mohit-PC', ip: '192.168.0.104', os.name: 'Windows 10', os.arch: 'x86', os.version: '10.0', java.version: '1.8.0_241'
Driver info: driver.version: EventFiringWebDriver
Command duration or timeout: 0 milliseconds
at sun.reflect.NativeConstructorAccessorImpl.newInstance0(Native Method)
at sun.reflect.NativeConstructorAccessorImpl.newInstance(NativeConstructorAccessorImpl.java:62)
at sun.reflect.DelegatingConstructorAccessorImpl.newInstance(DelegatingConstructorAccessorImpl.java:45)
at java.lang.reflect.Constructor.newInstance(Constructor.java:408)
at org.openqa.selenium.remote.ErrorHandler.createThrowable(ErrorHandler.java:214)
at org.openqa.selenium.remote.ErrorHandler.throwIfResponseFailed(ErrorHandler.java:166)
at org.openqa.selenium.remote.http.JsonHttpResponseCodec.reconstructValue(JsonHttpResponseCodec.java:40)
at org.openqa.selenium.remote.http.AbstractHttpResponseCodec.decode(AbstractHttpResponseCodec.java:80)
at org.openqa.selenium.remote.http.AbstractHttpResponseCodec.decode(AbstractHttpResponseCodec.java:44)
at org.openqa.selenium.remote.HttpCommandExecutor.execute(HttpCommandExecutor.java:158)
at org.openqa.selenium.remote.RemoteWebDriver.execute(RemoteWebDriver.java:552)
at org.openqa.selenium.remote.RemoteWebDriver.execute(RemoteWebDriver.java:609)
at org.openqa.selenium.remote.RemoteWebDriver.quit(RemoteWebDriver.java:452)
at Maven.DesignPatternTest.closeTheDriverInstance(DesignPatternTest.java:188)
at sun.reflect.NativeMethodAccessorImpl.invoke0(Native Method)
at sun.reflect.NativeMethodAccessorImpl.invoke(NativeMethodAccessorImpl.java:62)
at sun.reflect.DelegatingMethodAccessorImpl.invoke(DelegatingMethodAccessorImpl.java:43)
at java.lang.reflect.Method.invoke(Method.java:483)
at org.testng.internal.MethodInvocationHelper.invokeMethod(MethodInvocationHelper.java:124)
at org.testng.internal.MethodInvocationHelper.invokeMethodConsideringTimeout(MethodInvocationHelper.java:59)
at org.testng.internal.Invoker.invokeConfigurationMethod(Invoker.java:458)
at org.testng.internal.Invoker.invokeConfigurations(Invoker.java:222)
at org.testng.internal.Invoker.invokeConfigurations(Invoker.java:142)
at org.testng.TestRunner.afterRun(TestRunner.java:725)
at org.testng.TestRunner.run(TestRunner.java:509)
at org.testng.SuiteRunner.runTest(SuiteRunner.java:455)
at org.testng.SuiteRunner.access$000(SuiteRunner.java:40)
at org.testng.SuiteRunner$SuiteWorker.run(SuiteRunner.java:489)
at org.testng.internal.thread.ThreadUtil$1.call(ThreadUtil.java:52)
at java.util.concurrent.FutureTask.run(FutureTask.java:266)
at java.util.concurrent.ThreadPoolExecutor.runWorker(ThreadPoolExecutor.java:1142)
at java.util.concurrent.ThreadPoolExecutor$Worker.run(ThreadPoolExecutor.java:617)
at java.lang.Thread.run(Thread.java:745)
Caused by: org.openqa.selenium.remote.UnreachableBrowserException: Error communicating with the remote browser. It may have died.
Build info: version: '2.40.0', revision: 'fbe29a9', time: '2014-02-19 20:54:28'
System info: host: 'mohit-PC', ip: '192.168.0.104', os.name: 'Windows 10', os.arch: 'x86', os.version: '10.0', java.version: '1.8.0_241'
Driver info: driver.version: EventFiringWebDriver
Build info: version: '3.141.59', revision: 'e82be7d358', time: '2018-11-14T08:17:03'
System info: host: 'MOHIT-PC', ip: '192.168.0.104', os.name: 'Windows 8.1', os.arch: 'x86', os.version: '6.3', java.version: '1.8.0_05'
Driver info: driver.version: EventFiringWebDriver
at org.openqa.selenium.remote.RemoteWebDriver.execute(RemoteWebDriver.java:567)
at org.openqa.selenium.remote.RemoteWebDriver.execute(RemoteWebDriver.java:588)
at org.openqa.selenium.remote.RemoteWebDriver.quit(RemoteWebDriver.java:442)
at sun.reflect.GeneratedMethodAccessor118.invoke(Unknown Source)
at sun.reflect.DelegatingMethodAccessorImpl.invoke(Unknown Source)
at java.lang.reflect.Method.invoke(Unknown Source)
at org.openqa.selenium.support.events.EventFiringWebDriver$2.invoke(EventFiringWebDriver.java:101)
at com.sun.proxy.$Proxy2.quit(Unknown Source)
at org.openqa.selenium.support.events.EventFiringWebDriver.quit(EventFiringWebDriver.java:198)
at org.openqa.selenium.remote.server.handler.DeleteSession.call(DeleteSession.java:49)
at org.openqa.selenium.remote.server.handler.DeleteSession.call(DeleteSession.java:1)
at java.util.concurrent.FutureTask.run(Unknown Source)
at org.openqa.selenium.remote.server.DefaultSession$1.run(DefaultSession.java:170)
at java.util.concurrent.ThreadPoolExecutor.runWorker(Unknown Source)
at java.util.concurrent.ThreadPoolExecutor$Worker.run(Unknown Source)
at java.lang.Thread.run(Unknown Source)
]]>
    </error>
  </testcase> <!-- closeTheDriverInstance -->
  <testcase name="orgatakeSrcImageCES" time="225.834" classname="Maven.DesignPatternTest">
    <failure type="java.lang.AssertionError" message="The following asserts failed:
	Launched Url is not same expected [https://peoplehub.mindtree.com/Pages/OrgCanvas.aspx] but found [https://peoplehub.mindtree.com/Pages/OrgCanvas.aspxghshgs]">
      <![CDATA[java.lang.AssertionError: The following asserts failed:
Launched Url is not same expected [https://peoplehub.mindtree.com/Pages/OrgCanvas.aspx] but found [https://peoplehub.mindtree.com/Pages/OrgCanvas.aspxghshgs]
at org.testng.asserts.SoftAssert.assertAll(SoftAssert.java:43)
at Maven.DesignPatternTest.orgatakeSrcImageCES(DesignPatternTest.java:108)
at sun.reflect.NativeMethodAccessorImpl.invoke0(Native Method)
at sun.reflect.NativeMethodAccessorImpl.invoke(NativeMethodAccessorImpl.java:62)
at sun.reflect.DelegatingMethodAccessorImpl.invoke(DelegatingMethodAccessorImpl.java:43)
at java.lang.reflect.Method.invoke(Method.java:483)
at org.testng.internal.MethodInvocationHelper.invokeMethod(MethodInvocationHelper.java:124)
at org.testng.internal.Invoker.invokeMethod(Invoker.java:583)
at org.testng.internal.Invoker.invokeTestMethod(Invoker.java:719)
at org.testng.internal.Invoker.invokeTestMethods(Invoker.java:989)
at org.testng.internal.TestMethodWorker.invokeTestMethods(TestMethodWorker.java:125)
at org.testng.internal.TestMethodWorker.run(TestMethodWorker.java:109)
at org.testng.TestRunner.privateRun(TestRunner.java:648)
at org.testng.TestRunner.run(TestRunner.java:505)
at org.testng.SuiteRunner.runTest(SuiteRunner.java:455)
at org.testng.SuiteRunner.access$000(SuiteRunner.java:40)
at org.testng.SuiteRunner$SuiteWorker.run(SuiteRunner.java:489)
at org.testng.internal.thread.ThreadUtil$1.call(ThreadUtil.java:52)
at java.util.concurrent.FutureTask.run(FutureTask.java:266)
at java.util.concurrent.ThreadPoolExecutor.runWorker(ThreadPoolExecutor.java:1142)
at java.util.concurrent.ThreadPoolExecutor$Worker.run(ThreadPoolExecutor.java:617)
at java.lang.Thread.run(Thread.java:745)
]]>
    </failure>
  </testcase> <!-- orgatakeSrcImageCES -->
</testsuite> <!-- Maven.DesignPatternTest -->
