<?xml version="1.0" encoding="UTF-8"?>
<!-- Generated by org.testng.reporters.JUnitReportReporter -->
<testsuite skipped="0" hostname="mohit-PC" name="Maven.AppTest" tests="1" failures="0" timestamp="26 Jan 2020 04:56:15 GMT" time="0.022" errors="0">
  <testcase name="appTest" time="0.022" classname="Maven.AppTest"/>
</testsuite> <!-- Maven.AppTest -->
